<?xml version="1.0" encoding="UTF-8"?>
<nfeProc xmlns="http://www.portalfiscal.inf.br/nfe">
  <NFe>
    <infNFe Id="NFe35240814200166000102550010000000046907758325">
      <ide>
        <cUF>35</cUF>
        <cNF>07758325</cNF>
        <natOp>Venda</natOp>
        <mod>55</mod>
        <serie>1</serie>
        <nNF>4691</nNF>
        <dhEmi>2024-08-01T10:30:00-03:00</dhEmi>
        <tpNF>1</tpNF>
        <idDest>2</idDest>
        <cMunFG>3550308</cMunFG>
        <tpImp>1</tpImp>
        <tpEmis>1</tpEmis>
        <cDV>5</cDV>
        <tpAmb>2</tpAmb>
        <finNFe>1</finNFe>
        <indFinal>1</indFinal>
        <indPres>1</indPres>
      </ide>
      <emit>
        <CNPJ>14200166000102</CNPJ>
        <xNome>EMPRESA TESTE LTDA</xNome>
        <enderEmit>
          <xLgr>RUA TESTE</xLgr>
          <nro>123</nro>
          <xBairro>CENTRO</xBairro>
          <cMun>3550308</cMun>
          <xMun>SAO PAULO</xMun>
          <UF>SP</UF>
          <CEP>01000000</CEP>
        </enderEmit>
        <IE>123456789</IE>
      </emit>
      <dest>
        <CPF>12345678901</CPF>
        <xNome>CLIENTE TESTE</xNome>
        <enderDest>
          <xLgr>RUA CLIENTE</xLgr>
          <nro>456</nro>
          <xBairro>JARDIM</xBairro>
          <cMun>3550308</cMun>
          <xMun>SAO PAULO</xMun>
          <UF>SP</UF>
          <CEP>02000000</CEP>
        </enderDest>
      </dest>
      <det nItem="1">
        <prod>
          <cProd>001</cProd>
          <cEAN></cEAN>
          <xProd>Produto Teste 1</xProd>
          <NCM>12345678</NCM>
          <CFOP>5102</CFOP>
          <uCom>UN</uCom>
          <qCom>2.0000</qCom>
          <vUnCom>25.0000</vUnCom>
          <vProd>50.00</vProd>
          <cEANTrib></cEANTrib>
          <uTrib>UN</uTrib>
          <qTrib>2.0000</qTrib>
          <vUnTrib>25.0000</vUnTrib>
        </prod>
        <imposto>
          <ICMS>
            <ICMS00>
              <orig>0</orig>
              <CST>00</CST>
              <modBC>3</modBC>
              <vBC>50.00</vBC>
              <pICMS>18.00</pICMS>
              <vICMS>9.00</vICMS>
            </ICMS00>
          </ICMS>
        </imposto>
      </det>
      <det nItem="2">
        <prod>
          <cProd>002</cProd>
          <cEAN></cEAN>
          <xProd>Produto Teste 2</xProd>
          <NCM>87654321</NCM>
          <CFOP>5102</CFOP>
          <uCom>UN</uCom>
          <qCom>4.0000</qCom>
          <vUnCom>25.0000</vUnCom>
          <vProd>100.00</vProd>
          <cEANTrib></cEANTrib>
          <uTrib>UN</uTrib>
          <qTrib>4.0000</qTrib>
          <vUnTrib>25.0000</vUnTrib>
        </prod>
        <imposto>
          <ICMS>
            <ICMS00>
              <orig>0</orig>
              <CST>00</CST>
              <modBC>3</modBC>
              <vBC>100.00</vBC>
              <pICMS>18.00</pICMS>
              <vICMS>18.00</vICMS>
            </ICMS00>
          </ICMS>
        </imposto>
      </det>
      <total>
        <ICMSTot>
          <vBC>150.00</vBC>
          <vICMS>27.00</vICMS>
          <vICMSDeson>0.00</vICMSDeson>
          <vFCP>0.00</vFCP>
          <vBCST>0.00</vBCST>
          <vST>0.00</vST>
          <vFCPST>0.00</vFCPST>
          <vFCPSTRet>0.00</vFCPSTRet>
          <vProd>150.00</vProd>
          <vFrete>0.00</vFrete>
          <vSeg>0.00</vSeg>
          <vDesc>5.00</vDesc>
          <vII>0.00</vII>
          <vIPI>0.00</vIPI>
          <vIPIDevol>0.00</vIPIDevol>
          <vPIS>0.00</vPIS>
          <vCOFINS>0.00</vCOFINS>
          <vOutro>0.00</vOutro>
          <vNF>145.00</vNF>
        </ICMSTot>
      </total>
    </infNFe>
  </NFe>
</nfeProc>